<?xml version="1.0" encoding="UTF-8"?>
<!-- Generated by org.testng.reporters.JUnitReportReporter -->
<testsuite hostname="LAPTOP-3N9MTLMM" failures="0" tests="2" name="testing.appiumTest" time="0.027" errors="0" timestamp="2020-11-24T21:41:46 IST" skipped="0">
  <testcase classname="testing.appiumTest" name="start" time="0.025"/>
  <system-out/>
  <testcase classname="testing.appiumTest" name="start1" time="0.002"/>
  <system-out/>
</testsuite> <!-- testing.appiumTest -->
