<?xml version="1.0" encoding="UTF-8"?>
<!-- Generated by org.testng.reporters.JUnitReportReporter -->
<testsuite hostname="LAPTOP-3N9MTLMM" failures="0" tests="2" name="testing.restapi" time="0.018" errors="0" timestamp="2020-11-24T21:22:44 IST" skipped="0">
  <testcase classname="testing.restapi" name="api" time="0.015"/>
  <system-out/>
  <testcase classname="testing.restapi" name="api1" time="0.003"/>
  <system-out/>
</testsuite> <!-- testing.restapi -->
