<?xml version="1.0" encoding="UTF-8"?>
<!-- Generated by org.testng.reporters.JUnitReportReporter -->
<testsuite hostname="LAPTOP-3N9MTLMM" failures="0" tests="2" name="testing.selenium" time="0.013" errors="0" timestamp="2020-11-24T21:22:14 IST" skipped="0">
  <testcase classname="testing.selenium" name="sel" time="0.011"/>
  <system-out/>
  <testcase classname="testing.selenium" name="sel1" time="0.002"/>
  <system-out/>
</testsuite> <!-- testing.selenium -->
