<?xml version="1.0" encoding="UTF-8"?>
<!-- Generated by org.testng.reporters.JUnitReportReporter -->
<testsuite hostname="LAPTOP-3N9MTLMM" failures="0" tests="2" name="testing.appium" time="0.011" errors="0" timestamp="2020-11-24T21:22:30 IST" skipped="0">
  <testcase classname="testing.appium" name="start" time="0.009"/>
  <system-out/>
  <testcase classname="testing.appium" name="start1" time="0.002"/>
  <system-out/>
</testsuite> <!-- testing.appium -->
